{"/Users/manoellucio/dev/web3/web23/protochain/src/lib/block.ts": {"path":"/Users/manoellucio/dev/web3/web23/protochain/src/lib/block.ts","all":false,"statementMap":{"0":{"start":{"line":1,"column":0},"end":{"line":1,"column":28}},"1":{"start":{"line":2,"column":0},"end":{"line":2,"column":27}},"2":{"start":{"line":3,"column":0},"end":{"line":3,"column":27}},"3":{"start":{"line":4,"column":0},"end":{"line":4,"column":0}},"4":{"start":{"line":5,"column":0},"end":{"line":5,"column":44}},"5":{"start":{"line":6,"column":0},"end":{"line":6,"column":23}},"6":{"start":{"line":7,"column":0},"end":{"line":7,"column":21}},"7":{"start":{"line":8,"column":0},"end":{"line":8,"column":3}},"8":{"start":{"line":9,"column":0},"end":{"line":9,"column":0}},"9":{"start":{"line":10,"column":0},"end":{"line":10,"column":22}},"10":{"start":{"line":11,"column":0},"end":{"line":11,"column":37}},"11":{"start":{"line":12,"column":0},"end":{"line":12,"column":33}},"12":{"start":{"line":13,"column":0},"end":{"line":13,"column":0}},"13":{"start":{"line":14,"column":0},"end":{"line":14,"column":16}},"14":{"start":{"line":15,"column":0},"end":{"line":15,"column":3}},"15":{"start":{"line":16,"column":0},"end":{"line":16,"column":1}}},"s":{"0":1,"1":1,"2":1,"3":1,"4":1,"5":3,"6":3,"7":3,"8":1,"9":1,"10":3,"11":3,"12":1,"13":1,"14":1,"15":1},"branchMap":{"0":{"type":"branch","line":5,"loc":{"start":{"line":5,"column":2},"end":{"line":8,"column":3}},"locations":[{"start":{"line":5,"column":2},"end":{"line":8,"column":3}}]},"1":{"type":"branch","line":10,"loc":{"start":{"line":10,"column":2},"end":{"line":15,"column":3}},"locations":[{"start":{"line":10,"column":2},"end":{"line":15,"column":3}}]},"2":{"type":"branch","line":11,"loc":{"start":{"line":11,"column":24},"end":{"line":11,"column":37}},"locations":[{"start":{"line":11,"column":24},"end":{"line":11,"column":37}}]},"3":{"type":"branch","line":12,"loc":{"start":{"line":12,"column":-1},"end":{"line":12,"column":27}},"locations":[{"start":{"line":12,"column":-1},"end":{"line":12,"column":27}}]},"4":{"type":"branch","line":12,"loc":{"start":{"line":12,"column":20},"end":{"line":15,"column":3}},"locations":[{"start":{"line":12,"column":20},"end":{"line":15,"column":3}}]}},"b":{"0":[3],"1":[3],"2":[1],"3":[2],"4":[1]},"fnMap":{"0":{"name":"Block","decl":{"start":{"line":5,"column":2},"end":{"line":8,"column":3}},"loc":{"start":{"line":5,"column":2},"end":{"line":8,"column":3}},"line":5},"1":{"name":"isValid","decl":{"start":{"line":10,"column":2},"end":{"line":15,"column":3}},"loc":{"start":{"line":10,"column":2},"end":{"line":15,"column":3}},"line":10}},"f":{"0":3,"1":3}}
,"/Users/manoellucio/dev/web3/web23/protochain/src/lib/blockchain.ts": {"path":"/Users/manoellucio/dev/web3/web23/protochain/src/lib/blockchain.ts","all":true,"statementMap":{"0":{"start":{"line":1,"column":0},"end":{"line":1,"column":28}},"1":{"start":{"line":2,"column":0},"end":{"line":2,"column":0}},"2":{"start":{"line":3,"column":0},"end":{"line":3,"column":33}},"3":{"start":{"line":4,"column":0},"end":{"line":4,"column":0}},"4":{"start":{"line":5,"column":0},"end":{"line":5,"column":20}}},"s":{"0":0,"1":0,"2":0,"3":0,"4":0},"branchMap":{"0":{"type":"branch","line":1,"loc":{"start":{"line":1,"column":0},"end":{"line":5,"column":20}},"locations":[{"start":{"line":1,"column":0},"end":{"line":5,"column":20}}]}},"b":{"0":[0]},"fnMap":{"0":{"name":"(empty-report)","decl":{"start":{"line":1,"column":0},"end":{"line":5,"column":20}},"loc":{"start":{"line":1,"column":0},"end":{"line":5,"column":20}},"line":1}},"f":{"0":0}}
}
